Base path: /Applications/Unity/Unity.app/Contents
Pipe name: \\.\pipe\UnityShaderCompiler-64bit-1-1985155856
Cmd: getPlatforms
Cmd: compileSnippet
  api=0 type=0 insize=9591 outsize=6498 kw=UNITY_COLORSPACE_GAMMA ok=1
Cmd: compileSnippet
  api=0 type=1 insize=9591 outsize=6 kw=UNITY_COLORSPACE_GAMMA ok=1
Cmd: preprocess
  insize=8333 outsize=2044 ok=1
Cmd: compileSnippet
  api=0 type=0 insize=6508 outsize=991 kw= ok=1
Cmd: compileSnippet
  api=0 type=1 insize=6508 outsize=6 kw= ok=1
Cmd: compileSnippet
  api=0 type=0 insize=6503 outsize=1788 kw= ok=1
Cmd: compileSnippet
  api=0 type=1 insize=6503 outsize=6 kw= ok=1
Cmd: compileSnippet
  api=0 type=0 insize=6503 outsize=967 kw= ok=1
Cmd: compileSnippet
  api=0 type=1 insize=6503 outsize=6 kw= ok=1
Cmd: compileSnippet
  api=0 type=0 insize=6503 outsize=967 kw= ok=1
Cmd: compileSnippet
  api=0 type=1 insize=6503 outsize=6 kw= ok=1
Cmd: compileSnippet
  api=0 type=0 insize=6505 outsize=1155 kw= ok=1
Cmd: compileSnippet
  api=0 type=1 insize=6505 outsize=6 kw= ok=1
Cmd: compileSnippet
  api=0 type=0 insize=6505 outsize=681 kw= ok=1
Cmd: compileSnippet
  api=0 type=1 insize=6505 outsize=6 kw= ok=1
Cmd: compileSnippet
  api=0 type=0 insize=6514 outsize=863 kw= ok=1
Cmd: compileSnippet
  api=0 type=1 insize=6514 outsize=6 kw= ok=1
Cmd: compileSnippet
  api=0 type=0 insize=6519 outsize=633 kw= ok=1
Cmd: compileSnippet
  api=0 type=1 insize=6519 outsize=6 kw= ok=1
Cmd: compileSnippet
  api=0 type=0 insize=6512 outsize=427 kw= ok=1
Cmd: compileSnippet
  api=0 type=1 insize=6512 outsize=6 kw= ok=1
Cmd: compileSnippet
  api=0 type=0 insize=6510 outsize=986 kw= ok=1
Cmd: compileSnippet
  api=0 type=1 insize=6510 outsize=6 kw= ok=1
Cmd: compileSnippet
  api=0 type=0 insize=6517 outsize=1044 kw= ok=1
Cmd: compileSnippet
  api=0 type=1 insize=6517 outsize=6 kw= ok=1
Cmd: preprocess
  insize=10964 outsize=662 ok=1
Cmd: compileSnippet
  api=0 type=0 insize=10530 outsize=892 kw= ok=1
Cmd: compileSnippet
  api=0 type=1 insize=10530 outsize=6 kw= ok=1
Cmd: compileSnippet
  api=0 type=0 insize=10552 outsize=6151 kw= ok=1
Cmd: compileSnippet
  api=0 type=1 insize=10552 outsize=6 kw= ok=1
Cmd: compileSnippet
  api=0 type=0 insize=10508 outsize=6145 kw= ok=1
Cmd: compileSnippet
  api=0 type=1 insize=10508 outsize=6 kw= ok=1
Cmd: preprocess
  insize=1248 outsize=340 ok=1
Cmd: compileSnippet
  api=0 type=0 insize=1210 outsize=740 kw= ok=1
Cmd: compileSnippet
  api=0 type=1 insize=1210 outsize=6 kw= ok=1
Cmd: preprocess
  insize=435 outsize=435 ok=1
Cmd: preprocess
  insize=1615 outsize=2301 ok=1
Cmd: preprocess
  insize=1063 outsize=406 ok=1
Cmd: compileSnippet
  api=0 type=0 insize=955 outsize=527 kw= ok=1
Cmd: compileSnippet
  api=0 type=1 insize=955 outsize=6 kw= ok=1
Cmd: compileSnippet
  api=0 type=0 insize=954 outsize=527 kw= ok=1
Cmd: compileSnippet
  api=0 type=1 insize=954 outsize=6 kw= ok=1
Cmd: preprocess
  insize=9585 outsize=798 ok=1
Cmd: compileSnippet
  api=0 type=0 insize=8995 outsize=2594 kw= ok=1
Cmd: compileSnippet
  api=0 type=1 insize=8995 outsize=6 kw= ok=1
Cmd: compileSnippet
  api=0 type=0 insize=8999 outsize=2677 kw= ok=1
Cmd: compileSnippet
  api=0 type=1 insize=8999 outsize=6 kw= ok=1
Cmd: compileSnippet
  api=0 type=0 insize=9019 outsize=2714 kw= ok=1
Cmd: compileSnippet
  api=0 type=1 insize=9019 outsize=6 kw= ok=1
Cmd: compileSnippet
  api=0 type=0 insize=9014 outsize=4158 kw= ok=1
Cmd: compileSnippet
  api=0 type=1 insize=9014 outsize=6 kw= ok=1
Cmd: compileSnippet
  api=0 type=0 insize=9018 outsize=1420 kw= ok=1
Cmd: compileSnippet
  api=0 type=1 insize=9018 outsize=6 kw= ok=1
Cmd: preprocess
  insize=1624 outsize=334 ok=1
Cmd: compileSnippet
  api=0 type=0 insize=1592 outsize=1565 kw= ok=1
Cmd: compileSnippet
  api=0 type=1 insize=1592 outsize=6 kw= ok=1
Cmd: preprocess
  insize=8559 outsize=4810 ok=1
Cmd: compileSnippet
  api=0 type=0 insize=977 outsize=9701 kw=DIRECTIONAL SHADOWS_OFF LIGHTMAP_OFF DIRLIGHTMAP_OFF DYNAMICLIGHTMAP_OFF ok=1
Cmd: compileSnippet
  api=0 type=1 insize=977 outsize=6 kw=DIRECTIONAL SHADOWS_OFF LIGHTMAP_OFF DIRLIGHTMAP_OFF DYNAMICLIGHTMAP_OFF ok=1
Cmd: compileSnippet
  api=0 type=0 insize=934 outsize=5863 kw=POINT SHADOWS_OFF ok=1
Cmd: compileSnippet
  api=0 type=1 insize=934 outsize=6 kw=POINT SHADOWS_OFF ok=1
Cmd: compileSnippet
  api=0 type=0 insize=751 outsize=1893 kw=SHADOWS_DEPTH ok=1
Cmd: compileSnippet
  api=0 type=1 insize=751 outsize=6 kw=SHADOWS_DEPTH ok=1
Cmd: compileSnippet
  api=0 type=0 insize=1148 outsize=8249 kw=LIGHTMAP_OFF DIRLIGHTMAP_OFF DYNAMICLIGHTMAP_OFF ok=1
Cmd: compileSnippet
  api=0 type=1 insize=1148 outsize=6 kw=LIGHTMAP_OFF DIRLIGHTMAP_OFF DYNAMICLIGHTMAP_OFF ok=1
Cmd: compileSnippet
  api=0 type=0 insize=526 outsize=2846 kw= ok=1
Cmd: compileSnippet
  api=0 type=1 insize=526 outsize=6 kw= ok=1
Cmd: compileSnippet
  api=0 type=0 insize=903 outsize=4951 kw=DIRECTIONAL SHADOWS_OFF LIGHTMAP_OFF DIRLIGHTMAP_OFF DYNAMICLIGHTMAP_OFF ok=1
Cmd: compileSnippet
  api=0 type=1 insize=903 outsize=6 kw=DIRECTIONAL SHADOWS_OFF LIGHTMAP_OFF DIRLIGHTMAP_OFF DYNAMICLIGHTMAP_OFF ok=1
Cmd: compileSnippet
  api=0 type=0 insize=812 outsize=4596 kw=POINT SHADOWS_OFF ok=1
Cmd: compileSnippet
  api=0 type=1 insize=812 outsize=6 kw=POINT SHADOWS_OFF ok=1
Cmd: compileSnippet
  api=0 type=0 insize=600 outsize=1893 kw=SHADOWS_DEPTH ok=1
Cmd: compileSnippet
  api=0 type=1 insize=600 outsize=6 kw=SHADOWS_DEPTH ok=1
Cmd: compileSnippet
  api=0 type=0 insize=526 outsize=2846 kw= ok=1
Cmd: compileSnippet
  api=0 type=1 insize=526 outsize=6 kw= ok=1
Cmd: preprocess
  insize=844 outsize=330 ok=1
Cmd: compileSnippet
  api=0 type=0 insize=819 outsize=745 kw= ok=1
Cmd: compileSnippet
  api=0 type=1 insize=819 outsize=6 kw= ok=1
Cmd: preprocess
  insize=926 outsize=289 ok=1
Cmd: compileSnippet
  api=0 type=0 insize=942 outsize=632 kw= ok=1
Cmd: compileSnippet
  api=0 type=1 insize=942 outsize=6 kw= ok=1
Cmd: preprocess
  insize=10431 outsize=5524 ok=1
Cmd: compileSnippet
  api=0 type=0 insize=1529 outsize=765 kw= ok=1
Cmd: compileSnippet
  api=0 type=1 insize=1529 outsize=6 kw= ok=1
Cmd: compileSnippet
  api=0 type=0 insize=1930 outsize=9701 kw=DIRECTIONAL SHADOWS_OFF LIGHTMAP_OFF DIRLIGHTMAP_OFF DYNAMICLIGHTMAP_OFF ok=1
Cmd: compileSnippet
  api=0 type=1 insize=1930 outsize=6 kw=DIRECTIONAL SHADOWS_OFF LIGHTMAP_OFF DIRLIGHTMAP_OFF DYNAMICLIGHTMAP_OFF ok=1
Cmd: compileSnippet
  api=0 type=0 insize=1887 outsize=5863 kw=POINT SHADOWS_OFF ok=1
Cmd: compileSnippet
  api=0 type=1 insize=1887 outsize=6 kw=POINT SHADOWS_OFF ok=1
Cmd: compileSnippet
  api=0 type=0 insize=1702 outsize=1893 kw=SHADOWS_DEPTH ok=1
Cmd: compileSnippet
  api=0 type=1 insize=1702 outsize=6 kw=SHADOWS_DEPTH ok=1
Cmd: compileSnippet
  api=0 type=0 insize=2099 outsize=8249 kw=LIGHTMAP_OFF DIRLIGHTMAP_OFF DYNAMICLIGHTMAP_OFF ok=1
Cmd: compileSnippet
  api=0 type=1 insize=2099 outsize=6 kw=LIGHTMAP_OFF DIRLIGHTMAP_OFF DYNAMICLIGHTMAP_OFF ok=1
Cmd: compileSnippet
  api=0 type=0 insize=1477 outsize=2846 kw= ok=1
Cmd: compileSnippet
  api=0 type=1 insize=1477 outsize=6 kw= ok=1
Cmd: compileSnippet
  api=0 type=0 insize=1854 outsize=4951 kw=DIRECTIONAL SHADOWS_OFF LIGHTMAP_OFF DIRLIGHTMAP_OFF DYNAMICLIGHTMAP_OFF ok=1
Cmd: compileSnippet
  api=0 type=1 insize=1854 outsize=6 kw=DIRECTIONAL SHADOWS_OFF LIGHTMAP_OFF DIRLIGHTMAP_OFF DYNAMICLIGHTMAP_OFF ok=1
Cmd: compileSnippet
  api=0 type=0 insize=1763 outsize=4596 kw=POINT SHADOWS_OFF ok=1
Cmd: compileSnippet
  api=0 type=1 insize=1763 outsize=6 kw=POINT SHADOWS_OFF ok=1
Cmd: compileSnippet
  api=0 type=0 insize=1551 outsize=1893 kw=SHADOWS_DEPTH ok=1
Cmd: compileSnippet
  api=0 type=1 insize=1551 outsize=6 kw=SHADOWS_DEPTH ok=1
Cmd: compileSnippet
  api=0 type=0 insize=1477 outsize=2846 kw= ok=1
Cmd: compileSnippet
  api=0 type=1 insize=1477 outsize=6 kw= ok=1
Cmd: preprocess
  insize=1861 outsize=456 ok=1
Cmd: compileSnippet
  api=0 type=0 insize=1706 outsize=611 kw=SOFTPARTICLES_OFF ok=1
Cmd: compileSnippet
  api=0 type=1 insize=1706 outsize=6 kw=SOFTPARTICLES_OFF ok=1
Cmd: preprocess
  insize=1923 outsize=467 ok=1
Cmd: compileSnippet
  api=0 type=0 insize=1758 outsize=861 kw= ok=1
Cmd: compileSnippet
  api=0 type=1 insize=1758 outsize=6 kw= ok=1
Cmd: preprocess
  insize=1217 outsize=387 ok=1
Cmd: compileSnippet
  api=0 type=0 insize=1135 outsize=819 kw= ok=1
Cmd: compileSnippet
  api=0 type=1 insize=1135 outsize=6 kw= ok=1
Cmd: preprocess
  insize=3521 outsize=640 ok=1
Cmd: compileSnippet
  api=0 type=0 insize=3155 outsize=741 kw= ok=1
Cmd: compileSnippet
  api=0 type=1 insize=3155 outsize=6 kw= ok=1
Cmd: compileSnippet
  api=0 type=0 insize=3153 outsize=672 kw= ok=1
Cmd: compileSnippet
  api=0 type=1 insize=3153 outsize=6 kw= ok=1
Cmd: compileSnippet
  api=0 type=0 insize=3160 outsize=1999 kw= ok=1
Cmd: compileSnippet
  api=0 type=1 insize=3160 outsize=6 kw= ok=1
Cmd: preprocess
  insize=1454 outsize=2247 ok=1
Cmd: preprocess
  insize=1164 outsize=384 ok=1
Cmd: compileSnippet
  api=0 type=0 insize=1085 outsize=1208 kw= ok=1
Cmd: compileSnippet
  api=0 type=1 insize=1085 outsize=6 kw= ok=1
Cmd: preprocess
  insize=6511 outsize=781 ok=1
Cmd: compileSnippet
  api=0 type=0 insize=1952 outsize=3099 kw= ok=1
Cmd: compileSnippet
  api=0 type=1 insize=1952 outsize=6 kw= ok=1
Cmd: compileSnippet
  api=0 type=0 insize=2216 outsize=3684 kw= ok=1
Cmd: compileSnippet
  api=0 type=1 insize=2216 outsize=6 kw= ok=1
Cmd: compileSnippet
  api=0 type=0 insize=2722 outsize=4836 kw= ok=1
Cmd: compileSnippet
  api=0 type=1 insize=2722 outsize=6 kw= ok=1
Cmd: compileSnippet
  api=0 type=0 insize=2998 outsize=5399 kw= ok=1
Cmd: compileSnippet
  api=0 type=1 insize=2998 outsize=6 kw= ok=1
Cmd: compileSnippet
  api=0 type=0 insize=1938 outsize=1007 kw= ok=1
Cmd: compileSnippet
  api=0 type=1 insize=1938 outsize=6 kw= ok=1
Cmd: preprocess
  insize=1097 outsize=289 ok=1
Cmd: compileSnippet
  api=0 type=0 insize=1113 outsize=1087 kw= ok=1
Cmd: compileSnippet
  api=0 type=1 insize=1113 outsize=6 kw= ok=1
Cmd: preprocess
  insize=1044 outsize=1035 ok=1
Cmd: compileSnippet
  api=0 type=0 insize=6944 outsize=2243 kw=DIRECTIONAL SHADOWS_OFF LIGHTMAP_OFF DIRLIGHTMAP_OFF DYNAMICLIGHTMAP_OFF ok=1
Cmd: compileSnippet
  api=0 type=1 insize=6944 outsize=6 kw=DIRECTIONAL SHADOWS_OFF LIGHTMAP_OFF DIRLIGHTMAP_OFF DYNAMICLIGHTMAP_OFF ok=1
Cmd: compileSnippet
  api=0 type=0 insize=3915 outsize=1813 kw=POINT ok=1
Cmd: compileSnippet
  api=0 type=1 insize=3915 outsize=6 kw=POINT ok=1
Cmd: compileSnippet
  api=0 type=0 insize=3333 outsize=2274 kw= ok=1
Cmd: compileSnippet
  api=0 type=1 insize=3333 outsize=6 kw= ok=1
Cmd: preprocess
  insize=2413 outsize=753 ok=1
Cmd: compileSnippet
  api=0 type=0 insize=1931 outsize=642 kw= ok=1
Cmd: compileSnippet
  api=0 type=1 insize=1931 outsize=6 kw= ok=1
Cmd: compileSnippet
  api=0 type=0 insize=1928 outsize=592 kw= ok=1
Cmd: compileSnippet
  api=0 type=1 insize=1928 outsize=6 kw= ok=1
Cmd: compileSnippet
  api=0 type=0 insize=1941 outsize=1119 kw= ok=1
Cmd: compileSnippet
  api=0 type=1 insize=1941 outsize=6 kw= ok=1
Cmd: compileSnippet
  api=0 type=0 insize=1940 outsize=519 kw= ok=1
Cmd: compileSnippet
  api=0 type=1 insize=1940 outsize=6 kw= ok=1
Cmd: preprocess
  insize=883 outsize=277 ok=1
Cmd: compileSnippet
  api=0 type=0 insize=911 outsize=504 kw= ok=1
Cmd: compileSnippet
  api=0 type=1 insize=911 outsize=6 kw= ok=1
Cmd: preprocess
  insize=1314 outsize=362 ok=1
Cmd: compileSnippet
  api=0 type=0 insize=1251 outsize=1323 kw= ok=1
Cmd: compileSnippet
  api=0 type=1 insize=1251 outsize=6 kw= ok=1
Cmd: preprocess
  insize=1353 outsize=326 ok=1
Cmd: compileSnippet
  api=0 type=0 insize=1333 outsize=1186 kw= ok=1
Cmd: compileSnippet
  api=0 type=1 insize=1333 outsize=6 kw= ok=1
Cmd: preprocess
  insize=1188 outsize=255 ok=1
Cmd: compileSnippet
  api=0 type=0 insize=1238 outsize=1194 kw= ok=1
Cmd: compileSnippet
  api=0 type=1 insize=1238 outsize=6 kw= ok=1
Cmd: preprocess
  insize=2379 outsize=1092 ok=1
Cmd: compileSnippet
  api=0 type=0 insize=1589 outsize=541 kw=SOFTPARTICLES_OFF ok=1
Cmd: compileSnippet
  api=0 type=1 insize=1589 outsize=6 kw=SOFTPARTICLES_OFF ok=1
Cmd: preprocess
  insize=1344 outsize=330 ok=1
Cmd: compileSnippet
  api=0 type=0 insize=1316 outsize=1259 kw= ok=1
Cmd: compileSnippet
  api=0 type=1 insize=1316 outsize=6 kw= ok=1
Cmd: preprocess
  insize=1193 outsize=303 ok=1
Cmd: compileSnippet
  api=0 type=0 insize=1194 outsize=815 kw= ok=1
Cmd: compileSnippet
  api=0 type=1 insize=1194 outsize=6 kw= ok=1
Cmd: preprocess
  insize=2235 outsize=619 ok=1
Cmd: compileSnippet
  api=0 type=0 insize=1922 outsize=2163 kw= ok=1
Cmd: compileSnippet
  api=0 type=1 insize=1922 outsize=6 kw= ok=1
Cmd: preprocess
  insize=902 outsize=252 ok=1
Cmd: compileSnippet
  api=0 type=0 insize=950 outsize=713 kw= ok=1
Cmd: compileSnippet
  api=0 type=1 insize=950 outsize=6 kw= ok=1
Cmd: preprocess
  insize=636 outsize=302 ok=1
Cmd: compileSnippet
  api=0 type=0 insize=634 outsize=611 kw= ok=1
Cmd: compileSnippet
  api=0 type=1 insize=634 outsize=6 kw= ok=1
Cmd: preprocess
  insize=6131 outsize=973 ok=1
Cmd: compileSnippet
  api=0 type=0 insize=5399 outsize=407 kw= ok=1
Cmd: compileSnippet
  api=0 type=1 insize=5399 outsize=6 kw= ok=1
Cmd: compileSnippet
  api=0 type=0 insize=5406 outsize=1135 kw= ok=1
Cmd: compileSnippet
  api=0 type=1 insize=5406 outsize=6 kw= ok=1
Cmd: compileSnippet
  api=0 type=0 insize=5410 outsize=1595 kw= ok=1
Cmd: compileSnippet
  api=0 type=1 insize=5410 outsize=6 kw= ok=1
Cmd: compileSnippet
  api=0 type=0 insize=5411 outsize=1595 kw= ok=1
Cmd: compileSnippet
  api=0 type=1 insize=5411 outsize=6 kw= ok=1
Cmd: compileSnippet
  api=0 type=0 insize=5415 outsize=1713 kw= ok=1
Cmd: compileSnippet
  api=0 type=1 insize=5415 outsize=6 kw= ok=1
Cmd: compileSnippet
  api=0 type=0 insize=5416 outsize=1635 kw= ok=1
Cmd: compileSnippet
  api=0 type=1 insize=5416 outsize=6 kw= ok=1
Cmd: preprocess
  insize=2237 outsize=975 ok=1
Cmd: compileSnippet
  api=0 type=0 insize=1561 outsize=615 kw=SOFTPARTICLES_OFF ok=1
Cmd: compileSnippet
  api=0 type=1 insize=1561 outsize=6 kw=SOFTPARTICLES_OFF ok=1
Cmd: preprocess
  insize=32573 outsize=255 ok=1
Cmd: compileSnippet
  api=0 type=0 insize=32620 outsize=8930 kw= ok=1
Cmd: compileSnippet
  api=0 type=1 insize=32620 outsize=6 kw= ok=1
Cmd: preprocess
  insize=1154 outsize=242 ok=1
Cmd: compileSnippet
  api=0 type=0 insize=1214 outsize=1079 kw= ok=1
Cmd: compileSnippet
  api=0 type=1 insize=1214 outsize=6 kw= ok=1
Cmd: preprocess
  insize=4293 outsize=504 ok=1
Cmd: compileSnippet
  api=0 type=0 insize=3976 outsize=2786 kw= ok=1
Cmd: compileSnippet
  api=0 type=1 insize=3976 outsize=6 kw= ok=1
Cmd: compileSnippet
  api=0 type=0 insize=3977 outsize=2285 kw= ok=1
Cmd: compileSnippet
  api=0 type=1 insize=3977 outsize=6 kw= ok=1
Cmd: compileSnippet
  api=0 type=0 insize=3977 outsize=2409 kw= ok=1
Cmd: compileSnippet
  api=0 type=1 insize=3977 outsize=6 kw= ok=1
Cmd: preprocess
  insize=10455 outsize=5552 ok=1
Cmd: compileSnippet
  api=0 type=0 insize=1524 outsize=765 kw= ok=1
Cmd: compileSnippet
  api=0 type=1 insize=1524 outsize=6 kw= ok=1
Cmd: compileSnippet
  api=0 type=0 insize=1925 outsize=9701 kw=DIRECTIONAL SHADOWS_OFF LIGHTMAP_OFF DIRLIGHTMAP_OFF DYNAMICLIGHTMAP_OFF ok=1
Cmd: compileSnippet
  api=0 type=1 insize=1925 outsize=6 kw=DIRECTIONAL SHADOWS_OFF LIGHTMAP_OFF DIRLIGHTMAP_OFF DYNAMICLIGHTMAP_OFF ok=1
Cmd: compileSnippet
  api=0 type=0 insize=1882 outsize=5863 kw=POINT SHADOWS_OFF ok=1
Cmd: compileSnippet
  api=0 type=1 insize=1882 outsize=6 kw=POINT SHADOWS_OFF ok=1
Cmd: compileSnippet
  api=0 type=0 insize=1697 outsize=1893 kw=SHADOWS_DEPTH ok=1
Cmd: compileSnippet
  api=0 type=1 insize=1697 outsize=6 kw=SHADOWS_DEPTH ok=1
Cmd: compileSnippet
  api=0 type=0 insize=2094 outsize=8249 kw=LIGHTMAP_OFF DIRLIGHTMAP_OFF DYNAMICLIGHTMAP_OFF ok=1
Cmd: compileSnippet
  api=0 type=1 insize=2094 outsize=6 kw=LIGHTMAP_OFF DIRLIGHTMAP_OFF DYNAMICLIGHTMAP_OFF ok=1
Cmd: compileSnippet
  api=0 type=0 insize=1472 outsize=2846 kw= ok=1
Cmd: compileSnippet
  api=0 type=1 insize=1472 outsize=6 kw= ok=1
Cmd: compileSnippet
  api=0 type=0 insize=1849 outsize=4951 kw=DIRECTIONAL SHADOWS_OFF LIGHTMAP_OFF DIRLIGHTMAP_OFF DYNAMICLIGHTMAP_OFF ok=1
Cmd: compileSnippet
  api=0 type=1 insize=1849 outsize=6 kw=DIRECTIONAL SHADOWS_OFF LIGHTMAP_OFF DIRLIGHTMAP_OFF DYNAMICLIGHTMAP_OFF ok=1
Cmd: compileSnippet
  api=0 type=0 insize=1758 outsize=4596 kw=POINT SHADOWS_OFF ok=1
Cmd: compileSnippet
  api=0 type=1 insize=1758 outsize=6 kw=POINT SHADOWS_OFF ok=1
Cmd: compileSnippet
  api=0 type=0 insize=1546 outsize=1893 kw=SHADOWS_DEPTH ok=1
Cmd: compileSnippet
  api=0 type=1 insize=1546 outsize=6 kw=SHADOWS_DEPTH ok=1
Cmd: compileSnippet
  api=0 type=0 insize=1472 outsize=2846 kw= ok=1
Cmd: compileSnippet
  api=0 type=1 insize=1472 outsize=6 kw= ok=1
Cmd: preprocess
  insize=992 outsize=248 ok=1
Cmd: compileSnippet
  api=0 type=0 insize=1045 outsize=946 kw= ok=1
Cmd: compileSnippet
  api=0 type=1 insize=1045 outsize=6 kw= ok=1
Cmd: preprocess
  insize=4770 outsize=1779 ok=1
Cmd: compileSnippet
  api=0 type=0 insize=3198 outsize=624 kw= ok=1
Cmd: compileSnippet
  api=0 type=1 insize=3198 outsize=6 kw= ok=1
Cmd: compileSnippet
  api=0 type=0 insize=3195 outsize=592 kw= ok=1
Cmd: compileSnippet
  api=0 type=1 insize=3195 outsize=6 kw= ok=1
Cmd: compileSnippet
  api=0 type=0 insize=3211 outsize=1166 kw= ok=1
Cmd: compileSnippet
  api=0 type=1 insize=3211 outsize=6 kw= ok=1
Cmd: compileSnippet
  api=0 type=0 insize=3203 outsize=519 kw= ok=1
Cmd: compileSnippet
  api=0 type=1 insize=3203 outsize=6 kw= ok=1
Cmd: compileSnippet
  api=0 type=0 insize=3203 outsize=624 kw= ok=1
Cmd: compileSnippet
  api=0 type=1 insize=3203 outsize=6 kw= ok=1
Cmd: compileSnippet
  api=0 type=0 insize=3200 outsize=592 kw= ok=1
Cmd: compileSnippet
  api=0 type=1 insize=3200 outsize=6 kw= ok=1
Cmd: compileSnippet
  api=0 type=0 insize=3212 outsize=1217 kw= ok=1
Cmd: compileSnippet
  api=0 type=1 insize=3212 outsize=6 kw= ok=1
Cmd: compileSnippet
  api=0 type=0 insize=3205 outsize=533 kw= ok=1
Cmd: compileSnippet
  api=0 type=1 insize=3205 outsize=6 kw= ok=1
Cmd: compileSnippet
  api=0 type=0 insize=3197 outsize=376 kw= ok=1
Cmd: compileSnippet
  api=0 type=1 insize=3197 outsize=6 kw= ok=1
Cmd: compileSnippet
  api=0 type=0 insize=3201 outsize=484 kw= ok=1
Cmd: compileSnippet
  api=0 type=1 insize=3201 outsize=6 kw= ok=1
Cmd: compileSnippet
  api=0 type=0 insize=3196 outsize=443 kw= ok=1
Cmd: compileSnippet
  api=0 type=1 insize=3196 outsize=6 kw= ok=1
Cmd: preprocess
  insize=12787 outsize=1859 ok=1
Cmd: compileSnippet
  api=0 type=0 insize=11105 outsize=1199 kw= ok=1
Cmd: compileSnippet
  api=0 type=1 insize=11105 outsize=6 kw= ok=1
Cmd: compileSnippet
  api=0 type=0 insize=11096 outsize=572 kw= ok=1
Cmd: compileSnippet
  api=0 type=1 insize=11096 outsize=6 kw= ok=1
Cmd: compileSnippet
  api=0 type=0 insize=11098 outsize=1636 kw= ok=1
Cmd: compileSnippet
  api=0 type=1 insize=11098 outsize=6 kw= ok=1
Cmd: compileSnippet
  api=0 type=0 insize=11103 outsize=3632 kw= ok=1
Cmd: compileSnippet
  api=0 type=1 insize=11103 outsize=6 kw= ok=1
Cmd: compileSnippet
  api=0 type=0 insize=11113 outsize=3284 kw= ok=1
Cmd: compileSnippet
  api=0 type=1 insize=11113 outsize=6 kw= ok=1
Cmd: compileSnippet
  api=0 type=0 insize=11100 outsize=658 kw= ok=1
Cmd: compileSnippet
  api=0 type=1 insize=11100 outsize=6 kw= ok=1
Cmd: compileSnippet
  api=0 type=0 insize=11106 outsize=1838 kw= ok=1
Cmd: compileSnippet
  api=0 type=1 insize=11106 outsize=6 kw= ok=1
Cmd: compileSnippet
  api=0 type=0 insize=11112 outsize=4115 kw= ok=1
Cmd: compileSnippet
  api=0 type=1 insize=11112 outsize=6 kw= ok=1
Cmd: preprocess
  insize=963 outsize=333 ok=1
Cmd: compileSnippet
  api=0 type=0 insize=935 outsize=664 kw= ok=1
Cmd: compileSnippet
  api=0 type=1 insize=935 outsize=6 kw= ok=1
Cmd: preprocess
  insize=6023 outsize=731 ok=1
Cmd: preprocess
  insize=2690 outsize=761 ok=1
Cmd: compileSnippet
  api=0 type=0 insize=2202 outsize=711 kw= ok=1
Cmd: compileSnippet
  api=0 type=1 insize=2202 outsize=6 kw= ok=1
Cmd: compileSnippet
  api=0 type=0 insize=2202 outsize=743 kw= ok=1
Cmd: compileSnippet
  api=0 type=1 insize=2202 outsize=6 kw= ok=1
Cmd: compileSnippet
  api=0 type=0 insize=2206 outsize=711 kw= ok=1
Cmd: compileSnippet
  api=0 type=1 insize=2206 outsize=6 kw= ok=1
Cmd: compileSnippet
  api=0 type=0 insize=2205 outsize=1207 kw= ok=1
Cmd: compileSnippet
  api=0 type=1 insize=2205 outsize=6 kw= ok=1
Cmd: compileSnippet
  api=0 type=0 insize=2208 outsize=772 kw= ok=1
Cmd: compileSnippet
  api=0 type=1 insize=2208 outsize=6 kw= ok=1
Cmd: preprocess
  insize=10773 outsize=2532 ok=1
Cmd: compileSnippet
  api=0 type=0 insize=8468 outsize=3202 kw= ok=1
Cmd: compileSnippet
  api=0 type=1 insize=8468 outsize=6 kw= ok=1
Cmd: compileSnippet
  api=0 type=0 insize=8473 outsize=1933 kw= ok=1
Cmd: compileSnippet
  api=0 type=1 insize=8473 outsize=6 kw= ok=1
Cmd: compileSnippet
  api=0 type=0 insize=8472 outsize=536 kw= ok=1
Cmd: compileSnippet
  api=0 type=1 insize=8472 outsize=6 kw= ok=1
Cmd: compileSnippet
  api=0 type=0 insize=8476 outsize=1101 kw= ok=1
Cmd: compileSnippet
  api=0 type=1 insize=8476 outsize=6 kw= ok=1
Cmd: compileSnippet
  api=0 type=0 insize=8475 outsize=1194 kw= ok=1
Cmd: compileSnippet
  api=0 type=1 insize=8475 outsize=6 kw= ok=1
Cmd: preprocess
  insize=2486 outsize=1156 ok=1
Cmd: compileSnippet
  api=0 type=0 insize=1632 outsize=1293 kw= ok=1
Cmd: compileSnippet
  api=0 type=1 insize=1632 outsize=6 kw= ok=1
Cmd: preprocess
  insize=12423 outsize=2312 ok=1
Cmd: compileSnippet
  api=0 type=0 insize=10185 outsize=487 kw= ok=1
Cmd: compileSnippet
  api=0 type=1 insize=10185 outsize=6 kw= ok=1
Cmd: compileSnippet
  api=0 type=0 insize=10184 outsize=1072 kw= ok=1
Cmd: compileSnippet
  api=0 type=1 insize=10184 outsize=6 kw= ok=1
Cmd: compileSnippet
  api=0 type=0 insize=10184 outsize=979 kw= ok=1
Cmd: compileSnippet
  api=0 type=1 insize=10184 outsize=6 kw= ok=1
Cmd: compileSnippet
  api=0 type=0 insize=10166 outsize=782 kw= ok=1
Cmd: compileSnippet
  api=0 type=1 insize=10166 outsize=6 kw= ok=1
Cmd: compileSnippet
  api=0 type=0 insize=10185 outsize=706 kw= ok=1
Cmd: compileSnippet
  api=0 type=1 insize=10185 outsize=6 kw= ok=1
Cmd: compileSnippet
  api=0 type=0 insize=10166 outsize=836 kw= ok=1
Cmd: compileSnippet
  api=0 type=1 insize=10166 outsize=6 kw= ok=1
Cmd: compileSnippet
  api=0 type=0 insize=10211 outsize=1317 kw= ok=1
Cmd: compileSnippet
  api=0 type=1 insize=10211 outsize=6 kw= ok=1
Cmd: compileSnippet
  api=0 type=0 insize=10165 outsize=276 kw= ok=1
Cmd: compileSnippet
  api=0 type=1 insize=10165 outsize=6 kw= ok=1
Cmd: compileSnippet
  api=0 type=0 insize=10169 outsize=343 kw= ok=1
Cmd: compileSnippet
  api=0 type=1 insize=10169 outsize=6 kw= ok=1
Cmd: compileSnippet
  api=0 type=0 insize=10191 outsize=2806 kw= ok=1
Cmd: compileSnippet
  api=0 type=1 insize=10191 outsize=6 kw= ok=1
Cmd: compileSnippet
  api=0 type=0 insize=10185 outsize=2864 kw= ok=1
Cmd: compileSnippet
  api=0 type=1 insize=10185 outsize=6 kw= ok=1
Cmd: compileSnippet
  api=0 type=0 insize=10191 outsize=2806 kw= ok=1
Cmd: compileSnippet
  api=0 type=1 insize=10191 outsize=6 kw= ok=1
Cmd: preprocess
  insize=1909 outsize=438 ok=1
Cmd: compileSnippet
  api=0 type=0 insize=1746 outsize=1032 kw= ok=1
Cmd: compileSnippet
  api=0 type=1 insize=1746 outsize=6 kw= ok=1
Cmd: compileSnippet
  api=0 type=0 insize=1759 outsize=1157 kw= ok=1
Cmd: compileSnippet
  api=0 type=1 insize=1759 outsize=6 kw= ok=1
Cmd: preprocess
  insize=1357 outsize=642 ok=1
Cmd: compileSnippet
  api=0 type=0 insize=1021 outsize=780 kw= ok=1
Cmd: compileSnippet
  api=0 type=1 insize=1021 outsize=6 kw= ok=1
Cmd: preprocess
  insize=1530 outsize=277 ok=1
Cmd: compileSnippet
  api=0 type=0 insize=1558 outsize=1545 kw= ok=1
Cmd: compileSnippet
  api=0 type=1 insize=1558 outsize=6 kw= ok=1
Cmd: preprocess
  insize=23968 outsize=4108 ok=1
Cmd: compileSnippet
  api=0 type=0 insize=19214 outsize=844 kw= ok=1
Cmd: compileSnippet
  api=0 type=1 insize=19214 outsize=6 kw= ok=1
Cmd: compileSnippet
  api=0 type=0 insize=19220 outsize=3265 kw= ok=1
Cmd: compileSnippet
  api=0 type=1 insize=19220 outsize=6 kw= ok=1
Cmd: compileSnippet
  api=0 type=0 insize=19223 outsize=4811 kw= ok=1
Cmd: compileSnippet
  api=0 type=1 insize=19223 outsize=6 kw= ok=1
Cmd: compileSnippet
  api=0 type=0 insize=19202 outsize=439 kw= ok=1
Cmd: compileSnippet
  api=0 type=1 insize=19202 outsize=6 kw= ok=1
Cmd: compileSnippet
  api=0 type=0 insize=19218 outsize=831 kw= ok=1
Cmd: compileSnippet
  api=0 type=1 insize=19218 outsize=6 kw= ok=1
Cmd: compileSnippet
  api=0 type=0 insize=19205 outsize=1673 kw= ok=1
Cmd: compileSnippet
  api=0 type=1 insize=19205 outsize=6 kw= ok=1
Cmd: compileSnippet
  api=0 type=0 insize=19216 outsize=1511 kw= ok=1
Cmd: compileSnippet
  api=0 type=1 insize=19216 outsize=6 kw= ok=1
Cmd: compileSnippet
  api=0 type=0 insize=19212 outsize=588 kw= ok=1
Cmd: compileSnippet
  api=0 type=1 insize=19212 outsize=6 kw= ok=1
Cmd: compileSnippet
  api=0 type=0 insize=19222 outsize=854 kw= ok=1
Cmd: compileSnippet
  api=0 type=1 insize=19222 outsize=6 kw= ok=1
Cmd: compileSnippet
  api=0 type=0 insize=19215 outsize=752 kw= ok=1
Cmd: compileSnippet
  api=0 type=1 insize=19215 outsize=6 kw= ok=1
Cmd: compileSnippet
  api=0 type=0 insize=19222 outsize=938 kw= ok=1
Cmd: compileSnippet
  api=0 type=1 insize=19222 outsize=6 kw= ok=1
Cmd: compileSnippet
  api=0 type=0 insize=19210 outsize=3042 kw= ok=1
Cmd: compileSnippet
  api=0 type=1 insize=19210 outsize=6 kw= ok=1
Cmd: compileSnippet
  api=0 type=0 insize=19219 outsize=2688 kw= ok=1
Cmd: compileSnippet
  api=0 type=1 insize=19219 outsize=6 kw= ok=1
Cmd: compileSnippet
  api=0 type=0 insize=19206 outsize=962 kw= ok=1
Cmd: compileSnippet
  api=0 type=1 insize=19206 outsize=6 kw= ok=1
Cmd: compileSnippet
  api=0 type=0 insize=19220 outsize=610 kw= ok=1
Cmd: compileSnippet
  api=0 type=1 insize=19220 outsize=6 kw= ok=1
Cmd: compileSnippet
  api=0 type=0 insize=19211 outsize=875 kw= ok=1
Cmd: compileSnippet
  api=0 type=1 insize=19211 outsize=6 kw= ok=1
Cmd: compileSnippet
  api=0 type=0 insize=19206 outsize=642 kw= ok=1
Cmd: compileSnippet
  api=0 type=1 insize=19206 outsize=6 kw= ok=1
Cmd: compileSnippet
  api=0 type=0 insize=19210 outsize=3544 kw= ok=1
Cmd: compileSnippet
  api=0 type=1 insize=19210 outsize=6 kw= ok=1
Cmd: compileSnippet
  api=0 type=0 insize=19219 outsize=3480 kw= ok=1
Cmd: compileSnippet
  api=0 type=1 insize=19219 outsize=6 kw= ok=1
Cmd: compileSnippet
  api=0 type=0 insize=19228 outsize=3627 kw= ok=1
Cmd: compileSnippet
  api=0 type=1 insize=19228 outsize=6 kw= ok=1
Cmd: compileSnippet
  api=0 type=0 insize=19207 outsize=562 kw= ok=1
Cmd: compileSnippet
  api=0 type=1 insize=19207 outsize=6 kw= ok=1
Cmd: compileSnippet
  api=0 type=0 insize=19209 outsize=1673 kw= ok=1
Cmd: compileSnippet
  api=0 type=1 insize=19209 outsize=6 kw= ok=1
Cmd: compileSnippet
  api=0 type=0 insize=19225 outsize=439 kw= ok=1
Cmd: compileSnippet
  api=0 type=1 insize=19225 outsize=6 kw= ok=1
Cmd: preprocess
  insize=3938 outsize=531 ok=1
Cmd: compileSnippet
  api=0 type=0 insize=3713 outsize=2083 kw= ok=1
Cmd: compileSnippet
  api=0 type=1 insize=3713 outsize=6 kw= ok=1
Cmd: compileSnippet
  api=0 type=0 insize=3725 outsize=1255 kw= ok=1
Cmd: compileSnippet
  api=0 type=1 insize=3725 outsize=6 kw= ok=1
Cmd: compileSnippet
  api=0 type=0 insize=3716 outsize=1758 kw= ok=1
Cmd: compileSnippet
  api=0 type=1 insize=3716 outsize=6 kw= ok=1
Cmd: preprocess
  insize=1675 outsize=280 ok=1
Cmd: compileSnippet
  api=0 type=0 insize=1697 outsize=2683 kw= ok=1
Cmd: compileSnippet
  api=0 type=1 insize=1697 outsize=6 kw= ok=1
Cmd: preprocess
  insize=965 outsize=333 ok=1
Cmd: compileSnippet
  api=0 type=0 insize=934 outsize=903 kw= ok=1
Cmd: compileSnippet
  api=0 type=1 insize=934 outsize=6 kw= ok=1
Cmd: preprocess
  insize=1082 outsize=404 ok=1
Cmd: compileSnippet
  api=0 type=0 insize=951 outsize=560 kw= ok=1
Cmd: compileSnippet
  api=0 type=1 insize=951 outsize=6 kw= ok=1
Cmd: compileSnippet
  api=0 type=0 insize=957 outsize=620 kw= ok=1
Cmd: compileSnippet
  api=0 type=1 insize=957 outsize=6 kw= ok=1
Cmd: preprocess
  insize=673 outsize=248 ok=1
Cmd: compileSnippet
  api=0 type=0 insize=724 outsize=564 kw= ok=1
Cmd: compileSnippet
  api=0 type=1 insize=724 outsize=6 kw= ok=1
Cmd: preprocess
  insize=5564 outsize=855 ok=1
Cmd: compileSnippet
  api=0 type=0 insize=4897 outsize=2118 kw= ok=1
Cmd: compileSnippet
  api=0 type=1 insize=4897 outsize=6 kw= ok=1
Cmd: compileSnippet
  api=0 type=0 insize=4899 outsize=1286 kw= ok=1
Cmd: compileSnippet
  api=0 type=1 insize=4899 outsize=6 kw= ok=1
Cmd: compileSnippet
  api=0 type=0 insize=4903 outsize=1320 kw= ok=1
Cmd: compileSnippet
  api=0 type=1 insize=4903 outsize=6 kw= ok=1
Cmd: compileSnippet
  api=0 type=0 insize=4912 outsize=713 kw= ok=1
Cmd: compileSnippet
  api=0 type=1 insize=4912 outsize=6 kw= ok=1
Cmd: compileSnippet
  api=0 type=0 insize=4893 outsize=2118 kw= ok=1
Cmd: compileSnippet
  api=0 type=1 insize=4893 outsize=6 kw= ok=1
Cmd: preprocess
  insize=5171 outsize=737 ok=1
Cmd: compileSnippet
  api=0 type=0 insize=4605 outsize=633 kw= ok=1
Cmd: compileSnippet
  api=0 type=1 insize=4605 outsize=6 kw= ok=1
Cmd: compileSnippet
  api=0 type=0 insize=4609 outsize=1613 kw= ok=1
Cmd: compileSnippet
  api=0 type=1 insize=4609 outsize=6 kw= ok=1
Cmd: compileSnippet
  api=0 type=0 insize=4619 outsize=2285 kw= ok=1
Cmd: compileSnippet
  api=0 type=1 insize=4619 outsize=6 kw= ok=1
Cmd: compileSnippet
  api=0 type=0 insize=4614 outsize=2011 kw= ok=1
Cmd: compileSnippet
  api=0 type=1 insize=4614 outsize=6 kw= ok=1
Cmd: compileSnippet
  api=0 type=0 insize=4620 outsize=1547 kw= ok=1
Cmd: compileSnippet
  api=0 type=1 insize=4620 outsize=6 kw= ok=1
Cmd: preprocess
  insize=520 outsize=341 ok=1
Cmd: compileSnippet
  api=0 type=0 insize=481 outsize=696 kw= ok=1
Cmd: compileSnippet
  api=0 type=1 insize=481 outsize=6 kw= ok=1
Cmd: preprocess
  insize=6414 outsize=902 ok=1
Cmd: compileSnippet
  api=0 type=0 insize=5582 outsize=473 kw= ok=1
Cmd: compileSnippet
  api=0 type=1 insize=5582 outsize=6 kw= ok=1
Cmd: compileSnippet
  api=0 type=0 insize=5581 outsize=514 kw= ok=1
Cmd: compileSnippet
  api=0 type=1 insize=5581 outsize=6 kw= ok=1
Cmd: compileSnippet
  api=0 type=0 insize=5575 outsize=2665 kw= ok=1
Cmd: compileSnippet
  api=0 type=1 insize=5575 outsize=6 kw= ok=1
Cmd: compileSnippet
  api=0 type=0 insize=5574 outsize=2706 kw= ok=1
Cmd: compileSnippet
  api=0 type=1 insize=5574 outsize=6 kw= ok=1
Cmd: compileSnippet
  api=0 type=0 insize=5577 outsize=2789 kw= ok=1
Cmd: compileSnippet
  api=0 type=1 insize=5577 outsize=6 kw= ok=1
Cmd: compileSnippet
  api=0 type=0 insize=5576 outsize=2821 kw= ok=1
Cmd: compileSnippet
  api=0 type=1 insize=5576 outsize=6 kw= ok=1
Cmd: compileSnippet
  api=0 type=0 insize=5578 outsize=614 kw= ok=1
Cmd: compileSnippet
  api=0 type=1 insize=5578 outsize=6 kw= ok=1
Cmd: preprocess
  insize=1306 outsize=373 ok=1
Cmd: compileSnippet
  api=0 type=0 insize=1235 outsize=744 kw= ok=1
Cmd: compileSnippet
  api=0 type=1 insize=1235 outsize=6 kw= ok=1
Cmd: preprocess
  insize=32583 outsize=255 ok=1
Cmd: compileSnippet
  api=0 type=0 insize=32630 outsize=8838 kw= ok=1
Cmd: compileSnippet
  api=0 type=1 insize=32630 outsize=6 kw= ok=1
Cmd: preprocess
  insize=5175 outsize=1721 ok=1
Cmd: compileSnippet
  api=0 type=0 insize=3758 outsize=4926 kw= ok=1
Cmd: compileSnippet
  api=0 type=1 insize=3758 outsize=6 kw= ok=1
Cmd: preprocess
  insize=2274 outsize=1036 ok=1
Cmd: compileSnippet
  api=0 type=0 insize=1537 outsize=541 kw=SOFTPARTICLES_OFF ok=1
Cmd: compileSnippet
  api=0 type=1 insize=1537 outsize=6 kw=SOFTPARTICLES_OFF ok=1
Cmd: preprocess
  insize=6737 outsize=236 ok=1
Cmd: compileSnippet
  api=0 type=0 insize=6803 outsize=3141 kw= ok=1
Cmd: compileSnippet
  api=0 type=1 insize=6803 outsize=6 kw= ok=1
Cmd: preprocess
  insize=4310 outsize=418 ok=1
Cmd: compileSnippet
  api=0 type=0 insize=4146 outsize=4682 kw= ok=1
Cmd: compileSnippet
  api=0 type=1 insize=4146 outsize=6 kw= ok=1
Cmd: compileSnippet
  api=0 type=0 insize=4151 outsize=4113 kw= ok=1
Cmd: compileSnippet
  api=0 type=1 insize=4151 outsize=6 kw= ok=1
Cmd: preprocess
  insize=4608 outsize=887 ok=1
Cmd: compileSnippet
  api=0 type=0 insize=3943 outsize=507 kw= ok=1
Cmd: compileSnippet
  api=0 type=1 insize=3943 outsize=6 kw= ok=1
Cmd: compileSnippet
  api=0 type=0 insize=3951 outsize=1126 kw= ok=1
Cmd: compileSnippet
  api=0 type=1 insize=3951 outsize=6 kw= ok=1
Cmd: compileSnippet
  api=0 type=0 insize=3943 outsize=1042 kw= ok=1
Cmd: compileSnippet
  api=0 type=1 insize=3943 outsize=6 kw= ok=1
Cmd: compileSnippet
  api=0 type=0 insize=3945 outsize=1167 kw= ok=1
Cmd: compileSnippet
  api=0 type=1 insize=3945 outsize=6 kw= ok=1
Cmd: compileSnippet
  api=0 type=0 insize=3940 outsize=475 kw= ok=1
Cmd: compileSnippet
  api=0 type=1 insize=3940 outsize=6 kw= ok=1
Cmd: preprocess
  insize=1310 outsize=384 ok=1
Cmd: compileSnippet
  api=0 type=0 insize=1228 outsize=819 kw= ok=1
Cmd: compileSnippet
  api=0 type=1 insize=1228 outsize=6 kw= ok=1
Cmd: preprocess
  insize=5717 outsize=1219 ok=1
Cmd: preprocess
  insize=716 outsize=286 ok=1
Cmd: compileSnippet
  api=0 type=0 insize=732 outsize=348 kw= ok=1
Cmd: compileSnippet
  api=0 type=1 insize=732 outsize=6 kw= ok=1
Cmd: preprocess
  insize=656 outsize=299 ok=1
Cmd: compileSnippet
  api=0 type=0 insize=657 outsize=862 kw= ok=1
Cmd: compileSnippet
  api=0 type=1 insize=657 outsize=6 kw= ok=1
Cmd: preprocess
  insize=3696 outsize=630 ok=1
Cmd: compileSnippet
  api=0 type=0 insize=3278 outsize=510 kw= ok=1
Cmd: compileSnippet
  api=0 type=1 insize=3278 outsize=6 kw= ok=1
Cmd: compileSnippet
  api=0 type=0 insize=3285 outsize=1602 kw= ok=1
Cmd: compileSnippet
  api=0 type=1 insize=3285 outsize=6 kw= ok=1
Cmd: compileSnippet
  api=0 type=0 insize=3294 outsize=1905 kw= ok=1
Cmd: compileSnippet
  api=0 type=1 insize=3294 outsize=6 kw= ok=1
Cmd: compileSnippet
  api=0 type=0 insize=3289 outsize=2006 kw= ok=1
Cmd: compileSnippet
  api=0 type=1 insize=3289 outsize=6 kw= ok=1
Cmd: preprocess
  insize=799 outsize=276 ok=1
Cmd: compileSnippet
  api=0 type=0 insize=828 outsize=564 kw= ok=1
Cmd: compileSnippet
  api=0 type=1 insize=828 outsize=6 kw= ok=1
Cmd: preprocess
  insize=1265 outsize=272 ok=1
Cmd: compileSnippet
  api=0 type=0 insize=1298 outsize=1270 kw= ok=1
Cmd: compileSnippet
  api=0 type=1 insize=1298 outsize=6 kw= ok=1
Cmd: preprocess
  insize=2015 outsize=946 ok=1
Cmd: compileSnippet
  api=0 type=0 insize=859 outsize=504 kw= ok=1
Cmd: compileSnippet
  api=0 type=1 insize=859 outsize=6 kw= ok=1
Cmd: compileSnippet
  api=0 type=0 insize=814 outsize=403 kw= ok=1
Cmd: compileSnippet
  api=0 type=1 insize=814 outsize=6 kw= ok=1
Cmd: preprocess
  insize=5095 outsize=700 ok=1
Cmd: preprocess
  insize=1017 outsize=470 ok=1
Cmd: compileSnippet
  api=0 type=0 insize=849 outsize=846 kw= ok=1
Cmd: compileSnippet
  api=0 type=1 insize=849 outsize=6 kw= ok=1
Cmd: preprocess
  insize=1139 outsize=364 ok=1
Cmd: compileSnippet
  api=0 type=0 insize=1080 outsize=1126 kw= ok=1
Cmd: compileSnippet
  api=0 type=1 insize=1080 outsize=6 kw= ok=1
Cmd: preprocess
  insize=512 outsize=241 ok=1
Cmd: compileSnippet
  api=0 type=0 insize=573 outsize=208 kw= ok=1
Cmd: compileSnippet
  api=0 type=1 insize=573 outsize=6 kw= ok=1
Cmd: preprocess
  insize=650 outsize=290 ok=1
Cmd: compileSnippet
  api=0 type=0 insize=665 outsize=384 kw= ok=1
Cmd: compileSnippet
  api=0 type=1 insize=665 outsize=6 kw= ok=1
Cmd: preprocess
  insize=5006 outsize=866 ok=1
Cmd: compileSnippet
  api=0 type=0 insize=4390 outsize=1036 kw= ok=1
Cmd: compileSnippet
  api=0 type=1 insize=4390 outsize=6 kw= ok=1
Cmd: compileSnippet
  api=0 type=0 insize=4394 outsize=1595 kw= ok=1
Cmd: compileSnippet
  api=0 type=1 insize=4394 outsize=6 kw= ok=1
Cmd: compileSnippet
  api=0 type=0 insize=4395 outsize=1595 kw= ok=1
Cmd: compileSnippet
  api=0 type=1 insize=4395 outsize=6 kw= ok=1
Cmd: compileSnippet
  api=0 type=0 insize=4399 outsize=1713 kw= ok=1
Cmd: compileSnippet
  api=0 type=1 insize=4399 outsize=6 kw= ok=1
Cmd: compileSnippet
  api=0 type=0 insize=4400 outsize=1635 kw= ok=1
Cmd: compileSnippet
  api=0 type=1 insize=4400 outsize=6 kw= ok=1
Cmd: compileSnippet
  api=0 type=0 insize=751 outsize=1893 kw=SHADOWS_DEPTH ok=1
Cmd: compileSnippet
  api=0 type=1 insize=751 outsize=6 kw=SHADOWS_DEPTH ok=1
Cmd: compileSnippet
  api=0 type=0 insize=982 outsize=9902 kw=DIRECTIONAL SHADOWS_OFF LIGHTMAP_OFF DIRLIGHTMAP_OFF DYNAMICLIGHTMAP_OFF ok=1
Cmd: compileSnippet
  api=0 type=1 insize=982 outsize=6 kw=DIRECTIONAL SHADOWS_OFF LIGHTMAP_OFF DIRLIGHTMAP_OFF DYNAMICLIGHTMAP_OFF ok=1
Cmd: compileSnippet
  api=0 type=0 insize=938 outsize=5705 kw=DIRECTIONAL SHADOWS_OFF ok=1
Cmd: compileSnippet
  api=0 type=1 insize=938 outsize=6 kw=DIRECTIONAL SHADOWS_OFF ok=1
Cmd: compileSnippet
  api=0 type=0 insize=6731 outsize=2252 kw=DIRECTIONAL LIGHTMAP_OFF DIRLIGHTMAP_OFF DYNAMICLIGHTMAP_OFF ok=1
Cmd: compileSnippet
  api=0 type=1 insize=6731 outsize=6 kw=DIRECTIONAL LIGHTMAP_OFF DIRLIGHTMAP_OFF DYNAMICLIGHTMAP_OFF ok=1
Cmd: compileSnippet
  api=0 type=0 insize=3569 outsize=1441 kw=DIRECTIONAL ok=1
Cmd: compileSnippet
  api=0 type=1 insize=3569 outsize=6 kw=DIRECTIONAL ok=1
Cmd: compileSnippet
  api=0 type=0 insize=751 outsize=2382 kw=SHADOWS_DEPTH _ALPHAPREMULTIPLY_ON ok=1
Cmd: compileSnippet
  api=0 type=1 insize=751 outsize=6 kw=SHADOWS_DEPTH _ALPHAPREMULTIPLY_ON ok=1
Cmd: compileSnippet
  api=0 type=0 insize=982 outsize=10171 kw=DIRECTIONAL SHADOWS_OFF LIGHTMAP_OFF DIRLIGHTMAP_OFF DYNAMICLIGHTMAP_OFF _ALPHAPREMULTIPLY_ON ok=1
Cmd: compileSnippet
  api=0 type=1 insize=982 outsize=6 kw=DIRECTIONAL SHADOWS_OFF LIGHTMAP_OFF DIRLIGHTMAP_OFF DYNAMICLIGHTMAP_OFF _ALPHAPREMULTIPLY_ON ok=1
Cmd: compileSnippet
  api=0 type=0 insize=938 outsize=5979 kw=DIRECTIONAL SHADOWS_OFF _ALPHAPREMULTIPLY_ON ok=1
Cmd: compileSnippet
  api=0 type=1 insize=938 outsize=6 kw=DIRECTIONAL SHADOWS_OFF _ALPHAPREMULTIPLY_ON ok=1
Cmd: compileSnippet
  api=0 type=0 insize=751 outsize=2382 kw=SHADOWS_DEPTH _ALPHABLEND_ON ok=1
Cmd: compileSnippet
  api=0 type=1 insize=751 outsize=6 kw=SHADOWS_DEPTH _ALPHABLEND_ON ok=1
Cmd: compileSnippet
  api=0 type=0 insize=977 outsize=9814 kw=DIRECTIONAL SHADOWS_OFF LIGHTMAP_OFF DIRLIGHTMAP_OFF DYNAMICLIGHTMAP_OFF _ALPHABLEND_ON ok=1
Cmd: compileSnippet
  api=0 type=1 insize=977 outsize=6 kw=DIRECTIONAL SHADOWS_OFF LIGHTMAP_OFF DIRLIGHTMAP_OFF DYNAMICLIGHTMAP_OFF _ALPHABLEND_ON ok=1
Cmd: compileSnippet
  api=0 type=0 insize=934 outsize=5573 kw=DIRECTIONAL SHADOWS_OFF _ALPHABLEND_ON ok=1
Cmd: compileSnippet
  api=0 type=1 insize=934 outsize=6 kw=DIRECTIONAL SHADOWS_OFF _ALPHABLEND_ON ok=1
Cmd: compileSnippet
  api=0 type=0 insize=541 outsize=1893 kw=SHADOWS_DEPTH ok=1
Cmd: compileSnippet
  api=0 type=1 insize=541 outsize=6 kw=SHADOWS_DEPTH ok=1
Cmd: compileSnippet
  api=0 type=0 insize=7257 outsize=3714 kw=DIRECTIONAL SHADOWS_OFF LIGHTMAP_OFF DIRLIGHTMAP_OFF DYNAMICLIGHTMAP_OFF ok=1
Cmd: compileSnippet
  api=0 type=1 insize=7257 outsize=6 kw=DIRECTIONAL SHADOWS_OFF LIGHTMAP_OFF DIRLIGHTMAP_OFF DYNAMICLIGHTMAP_OFF ok=1
Cmd: compileSnippet
  api=0 type=0 insize=4694 outsize=2837 kw=DIRECTIONAL ok=1
Cmd: compileSnippet
  api=0 type=1 insize=4694 outsize=6 kw=DIRECTIONAL ok=1
Cmd: compileSnippet
  api=0 type=0 insize=7523 outsize=4319 kw=DIRECTIONAL SHADOWS_OFF LIGHTMAP_OFF DIRLIGHTMAP_OFF DYNAMICLIGHTMAP_OFF ok=1
Cmd: compileSnippet
  api=0 type=1 insize=7523 outsize=6 kw=DIRECTIONAL SHADOWS_OFF LIGHTMAP_OFF DIRLIGHTMAP_OFF DYNAMICLIGHTMAP_OFF ok=1
Cmd: compileSnippet
  api=0 type=0 insize=4918 outsize=3208 kw=DIRECTIONAL ok=1
Cmd: compileSnippet
  api=0 type=1 insize=4918 outsize=6 kw=DIRECTIONAL ok=1
Cmd: compileSnippet
  api=0 type=0 insize=751 outsize=2382 kw=SHADOWS_DEPTH _ALPHAPREMULTIPLY_ON ok=1
Cmd: compileSnippet
  api=0 type=1 insize=751 outsize=6 kw=SHADOWS_DEPTH _ALPHAPREMULTIPLY_ON ok=1
Cmd: compileSnippet
  api=0 type=0 insize=977 outsize=9975 kw=DIRECTIONAL SHADOWS_OFF LIGHTMAP_OFF DIRLIGHTMAP_OFF DYNAMICLIGHTMAP_OFF _ALPHAPREMULTIPLY_ON ok=1
Cmd: compileSnippet
  api=0 type=1 insize=977 outsize=6 kw=DIRECTIONAL SHADOWS_OFF LIGHTMAP_OFF DIRLIGHTMAP_OFF DYNAMICLIGHTMAP_OFF _ALPHAPREMULTIPLY_ON ok=1
Cmd: compileSnippet
  api=0 type=0 insize=934 outsize=5782 kw=DIRECTIONAL SHADOWS_OFF _ALPHAPREMULTIPLY_ON ok=1
Cmd: compileSnippet
  api=0 type=1 insize=934 outsize=6 kw=DIRECTIONAL SHADOWS_OFF _ALPHAPREMULTIPLY_ON ok=1
Cmd: compileSnippet
  api=0 type=0 insize=1642 outsize=541 kw=SOFTPARTICLES_OFF ok=1
Cmd: compileSnippet
  api=0 type=1 insize=1642 outsize=6 kw=SOFTPARTICLES_OFF ok=1
Cmd: compileSnippet
  api=0 type=0 insize=1882 outsize=5509 kw=DIRECTIONAL SHADOWS_OFF ok=1
Cmd: compileSnippet
  api=0 type=1 insize=1882 outsize=6 kw=DIRECTIONAL SHADOWS_OFF ok=1
Cmd: compileSnippet
  api=0 type=0 insize=751 outsize=1893 kw=SHADOWS_DEPTH ok=1
Cmd: compileSnippet
  api=0 type=1 insize=751 outsize=6 kw=SHADOWS_DEPTH ok=1
Cmd: compileSnippet
  api=0 type=0 insize=977 outsize=11504 kw=DIRECTIONAL SHADOWS_OFF LIGHTMAP_OFF DIRLIGHTMAP_OFF DYNAMICLIGHTMAP_OFF _SPECGLOSSMAP _NORMALMAP ok=1
Cmd: compileSnippet
  api=0 type=1 insize=977 outsize=6 kw=DIRECTIONAL SHADOWS_OFF LIGHTMAP_OFF DIRLIGHTMAP_OFF DYNAMICLIGHTMAP_OFF _SPECGLOSSMAP _NORMALMAP ok=1
Cmd: compileSnippet
  api=0 type=0 insize=934 outsize=6299 kw=DIRECTIONAL SHADOWS_OFF _SPECGLOSSMAP _NORMALMAP ok=1
Cmd: compileSnippet
  api=0 type=1 insize=934 outsize=6 kw=DIRECTIONAL SHADOWS_OFF _SPECGLOSSMAP _NORMALMAP ok=1
Cmd: compileSnippet
  api=0 type=0 insize=1702 outsize=2382 kw=SHADOWS_DEPTH _ALPHAPREMULTIPLY_ON ok=1
Cmd: compileSnippet
  api=0 type=1 insize=1702 outsize=6 kw=SHADOWS_DEPTH _ALPHAPREMULTIPLY_ON ok=1
Cmd: compileSnippet
  api=0 type=0 insize=1930 outsize=11782 kw=DIRECTIONAL SHADOWS_OFF LIGHTMAP_OFF DIRLIGHTMAP_OFF DYNAMICLIGHTMAP_OFF _SPECGLOSSMAP _ALPHAPREMULTIPLY_ON _NORMALMAP ok=1
Cmd: compileSnippet
  api=0 type=1 insize=1930 outsize=6 kw=DIRECTIONAL SHADOWS_OFF LIGHTMAP_OFF DIRLIGHTMAP_OFF DYNAMICLIGHTMAP_OFF _SPECGLOSSMAP _ALPHAPREMULTIPLY_ON _NORMALMAP ok=1
Cmd: compileSnippet
  api=0 type=0 insize=1887 outsize=6576 kw=DIRECTIONAL SHADOWS_OFF _SPECGLOSSMAP _ALPHAPREMULTIPLY_ON _NORMALMAP ok=1
Cmd: compileSnippet
  api=0 type=1 insize=1887 outsize=6 kw=DIRECTIONAL SHADOWS_OFF _SPECGLOSSMAP _ALPHAPREMULTIPLY_ON _NORMALMAP ok=1
Cmd: compileSnippet
  api=0 type=0 insize=1705 outsize=541 kw=SOFTPARTICLES_OFF ok=1
Cmd: compileSnippet
  api=0 type=1 insize=1705 outsize=6 kw=SOFTPARTICLES_OFF ok=1
Cmd: compileSnippet
  api=0 type=0 insize=1925 outsize=12317 kw=DIRECTIONAL SHADOWS_OFF LIGHTMAP_OFF DIRLIGHTMAP_OFF DYNAMICLIGHTMAP_OFF _DETAIL_MULX2 _SPECGLOSSMAP _NORMALMAP ok=1
Cmd: compileSnippet
  api=0 type=1 insize=1925 outsize=6 kw=DIRECTIONAL SHADOWS_OFF LIGHTMAP_OFF DIRLIGHTMAP_OFF DYNAMICLIGHTMAP_OFF _DETAIL_MULX2 _SPECGLOSSMAP _NORMALMAP ok=1
Cmd: compileSnippet
  api=0 type=0 insize=1882 outsize=7095 kw=DIRECTIONAL SHADOWS_OFF _DETAIL_MULX2 _SPECGLOSSMAP _NORMALMAP ok=1
Cmd: compileSnippet
  api=0 type=1 insize=1882 outsize=6 kw=DIRECTIONAL SHADOWS_OFF _DETAIL_MULX2 _SPECGLOSSMAP _NORMALMAP ok=1
Cmd: compileSnippet
  api=0 type=0 insize=1697 outsize=2382 kw=SHADOWS_DEPTH _ALPHABLEND_ON ok=1
Cmd: compileSnippet
  api=0 type=1 insize=1697 outsize=6 kw=SHADOWS_DEPTH _ALPHABLEND_ON ok=1
Cmd: compileSnippet
  api=0 type=0 insize=1925 outsize=11570 kw=DIRECTIONAL SHADOWS_OFF LIGHTMAP_OFF DIRLIGHTMAP_OFF DYNAMICLIGHTMAP_OFF _ALPHABLEND_ON _NORMALMAP ok=1
Cmd: compileSnippet
  api=0 type=1 insize=1925 outsize=6 kw=DIRECTIONAL SHADOWS_OFF LIGHTMAP_OFF DIRLIGHTMAP_OFF DYNAMICLIGHTMAP_OFF _ALPHABLEND_ON _NORMALMAP ok=1
Cmd: compileSnippet
  api=0 type=0 insize=1882 outsize=6314 kw=DIRECTIONAL SHADOWS_OFF _ALPHABLEND_ON _NORMALMAP ok=1
Cmd: compileSnippet
  api=0 type=1 insize=1882 outsize=6 kw=DIRECTIONAL SHADOWS_OFF _ALPHABLEND_ON _NORMALMAP ok=1
Cmd: compileSnippet
  api=0 type=0 insize=1925 outsize=11504 kw=DIRECTIONAL SHADOWS_OFF LIGHTMAP_OFF DIRLIGHTMAP_OFF DYNAMICLIGHTMAP_OFF _SPECGLOSSMAP _NORMALMAP ok=1
Cmd: compileSnippet
  api=0 type=1 insize=1925 outsize=6 kw=DIRECTIONAL SHADOWS_OFF LIGHTMAP_OFF DIRLIGHTMAP_OFF DYNAMICLIGHTMAP_OFF _SPECGLOSSMAP _NORMALMAP ok=1
Cmd: compileSnippet
  api=0 type=0 insize=1882 outsize=6299 kw=DIRECTIONAL SHADOWS_OFF _SPECGLOSSMAP _NORMALMAP ok=1
Cmd: compileSnippet
  api=0 type=1 insize=1882 outsize=6 kw=DIRECTIONAL SHADOWS_OFF _SPECGLOSSMAP _NORMALMAP ok=1
Cmd: compileSnippet
  api=0 type=0 insize=1706 outsize=611 kw=SOFTPARTICLES_OFF ok=1
Cmd: compileSnippet
  api=0 type=1 insize=1706 outsize=6 kw=SOFTPARTICLES_OFF ok=1
Cmd: compileSnippet
  api=0 type=0 insize=982 outsize=10016 kw=DIRECTIONAL SHADOWS_OFF LIGHTMAP_OFF DIRLIGHTMAP_OFF DYNAMICLIGHTMAP_OFF _EMISSION ok=1
Cmd: compileSnippet
  api=0 type=1 insize=982 outsize=6 kw=DIRECTIONAL SHADOWS_OFF LIGHTMAP_OFF DIRLIGHTMAP_OFF DYNAMICLIGHTMAP_OFF _EMISSION ok=1
Cmd: compileSnippet
  api=0 type=0 insize=3915 outsize=1467 kw=DIRECTIONAL ok=1
Cmd: compileSnippet
  api=0 type=1 insize=3915 outsize=6 kw=DIRECTIONAL ok=1
Cmd: compileSnippet
  api=0 type=0 insize=977 outsize=11782 kw=DIRECTIONAL SHADOWS_OFF LIGHTMAP_OFF DIRLIGHTMAP_OFF DYNAMICLIGHTMAP_OFF _SPECGLOSSMAP _ALPHAPREMULTIPLY_ON _NORMALMAP ok=1
Cmd: compileSnippet
  api=0 type=1 insize=977 outsize=6 kw=DIRECTIONAL SHADOWS_OFF LIGHTMAP_OFF DIRLIGHTMAP_OFF DYNAMICLIGHTMAP_OFF _SPECGLOSSMAP _ALPHAPREMULTIPLY_ON _NORMALMAP ok=1
Cmd: compileSnippet
  api=0 type=0 insize=934 outsize=6576 kw=DIRECTIONAL SHADOWS_OFF _SPECGLOSSMAP _ALPHAPREMULTIPLY_ON _NORMALMAP ok=1
Cmd: compileSnippet
  api=0 type=1 insize=934 outsize=6 kw=DIRECTIONAL SHADOWS_OFF _SPECGLOSSMAP _ALPHAPREMULTIPLY_ON _NORMALMAP ok=1
Cmd: compileSnippet
  api=0 type=0 insize=7178 outsize=3666 kw=DIRECTIONAL LIGHTMAP_OFF DIRLIGHTMAP_OFF DYNAMICLIGHTMAP_OFF ok=1
Cmd: compileSnippet
  api=0 type=1 insize=7178 outsize=6 kw=DIRECTIONAL LIGHTMAP_OFF DIRLIGHTMAP_OFF DYNAMICLIGHTMAP_OFF ok=1
Cmd: compileSnippet
  api=0 type=0 insize=4616 outsize=2789 kw=DIRECTIONAL ok=1
Cmd: compileSnippet
  api=0 type=1 insize=4616 outsize=6 kw=DIRECTIONAL ok=1
Cmd: compileSnippet
  api=0 type=0 insize=977 outsize=9748 kw=DIRECTIONAL SHADOWS_OFF LIGHTMAP_OFF DIRLIGHTMAP_OFF DYNAMICLIGHTMAP_OFF _SPECGLOSSMAP ok=1
Cmd: compileSnippet
  api=0 type=1 insize=977 outsize=6 kw=DIRECTIONAL SHADOWS_OFF LIGHTMAP_OFF DIRLIGHTMAP_OFF DYNAMICLIGHTMAP_OFF _SPECGLOSSMAP ok=1
Cmd: compileSnippet
  api=0 type=0 insize=934 outsize=5559 kw=DIRECTIONAL SHADOWS_OFF _SPECGLOSSMAP ok=1
Cmd: compileSnippet
  api=0 type=1 insize=934 outsize=6 kw=DIRECTIONAL SHADOWS_OFF _SPECGLOSSMAP ok=1
Cmd: compileSnippet
  api=0 type=0 insize=966 outsize=600 kw= ok=1
Cmd: compileSnippet
  api=0 type=1 insize=966 outsize=6 kw= ok=1
Cmd: compileSnippet
  api=0 type=0 insize=977 outsize=9701 kw=DIRECTIONAL SHADOWS_OFF LIGHTMAP_OFF DIRLIGHTMAP_OFF DYNAMICLIGHTMAP_OFF ok=1
Cmd: compileSnippet
  api=0 type=1 insize=977 outsize=6 kw=DIRECTIONAL SHADOWS_OFF LIGHTMAP_OFF DIRLIGHTMAP_OFF DYNAMICLIGHTMAP_OFF ok=1
Cmd: compileSnippet
  api=0 type=0 insize=934 outsize=5509 kw=DIRECTIONAL SHADOWS_OFF ok=1
Cmd: compileSnippet
  api=0 type=1 insize=934 outsize=6 kw=DIRECTIONAL SHADOWS_OFF ok=1
Cmd: compileSnippet
  api=0 type=0 insize=751 outsize=2382 kw=SHADOWS_DEPTH _ALPHABLEND_ON ok=1
Cmd: compileSnippet
  api=0 type=1 insize=751 outsize=6 kw=SHADOWS_DEPTH _ALPHABLEND_ON ok=1
Cmd: compileSnippet
  api=0 type=0 insize=977 outsize=11736 kw=DIRECTIONAL SHADOWS_OFF LIGHTMAP_OFF DIRLIGHTMAP_OFF DYNAMICLIGHTMAP_OFF _EMISSION _SPECGLOSSMAP _ALPHABLEND_ON _NORMALMAP ok=1
Cmd: compileSnippet
  api=0 type=1 insize=977 outsize=6 kw=DIRECTIONAL SHADOWS_OFF LIGHTMAP_OFF DIRLIGHTMAP_OFF DYNAMICLIGHTMAP_OFF _EMISSION _SPECGLOSSMAP _ALPHABLEND_ON _NORMALMAP ok=1
Cmd: compileSnippet
  api=0 type=0 insize=934 outsize=6363 kw=DIRECTIONAL SHADOWS_OFF _SPECGLOSSMAP _ALPHABLEND_ON _NORMALMAP ok=1
Cmd: compileSnippet
  api=0 type=1 insize=934 outsize=6 kw=DIRECTIONAL SHADOWS_OFF _SPECGLOSSMAP _ALPHABLEND_ON _NORMALMAP ok=1
Cmd: compileSnippet
  api=0 type=0 insize=1051 outsize=582 kw= ok=1
Cmd: compileSnippet
  api=0 type=1 insize=1051 outsize=6 kw= ok=1
Cmd: compileSnippet
  api=0 type=0 insize=1089 outsize=669 kw= ok=1
Cmd: compileSnippet
  api=0 type=1 insize=1089 outsize=6 kw= ok=1
Cmd: compileSnippet
  api=0 type=0 insize=1706 outsize=1414 kw=SOFTPARTICLES_ON ok=1
Cmd: compileSnippet
  api=0 type=1 insize=1706 outsize=6 kw=SOFTPARTICLES_ON ok=1
Cmd: compileSnippet
  api=0 type=0 insize=6810 outsize=2300 kw=DIRECTIONAL SHADOWS_OFF LIGHTMAP_OFF DIRLIGHTMAP_OFF DYNAMICLIGHTMAP_OFF ok=1
Cmd: compileSnippet
  api=0 type=1 insize=6810 outsize=6 kw=DIRECTIONAL SHADOWS_OFF LIGHTMAP_OFF DIRLIGHTMAP_OFF DYNAMICLIGHTMAP_OFF ok=1
Cmd: compileSnippet
  api=0 type=0 insize=3647 outsize=1489 kw=DIRECTIONAL ok=1
Cmd: compileSnippet
  api=0 type=1 insize=3647 outsize=6 kw=DIRECTIONAL ok=1
Cmd: compileSnippet
  api=0 type=0 insize=982 outsize=10369 kw=DIRECTIONAL SHADOWS_SCREEN LIGHTMAP_OFF DIRLIGHTMAP_OFF DYNAMICLIGHTMAP_OFF ok=1
Cmd: compileSnippet
  api=0 type=1 insize=982 outsize=6 kw=DIRECTIONAL SHADOWS_SCREEN LIGHTMAP_OFF DIRLIGHTMAP_OFF DYNAMICLIGHTMAP_OFF ok=1
Cmd: compileSnippet
  api=0 type=0 insize=938 outsize=6173 kw=DIRECTIONAL SHADOWS_SCREEN ok=1
Cmd: compileSnippet
  api=0 type=1 insize=938 outsize=6 kw=DIRECTIONAL SHADOWS_SCREEN ok=1
Cmd: compileSnippet
  api=0 type=0 insize=1642 outsize=1344 kw=SOFTPARTICLES_ON ok=1
Cmd: compileSnippet
  api=0 type=1 insize=1642 outsize=6 kw=SOFTPARTICLES_ON ok=1
Cmd: compileSnippet
  api=0 type=0 insize=977 outsize=11971 kw=DIRECTIONAL SHADOWS_SCREEN LIGHTMAP_OFF DIRLIGHTMAP_OFF DYNAMICLIGHTMAP_OFF _SPECGLOSSMAP _NORMALMAP ok=1
Cmd: compileSnippet
  api=0 type=1 insize=977 outsize=6 kw=DIRECTIONAL SHADOWS_SCREEN LIGHTMAP_OFF DIRLIGHTMAP_OFF DYNAMICLIGHTMAP_OFF _SPECGLOSSMAP _NORMALMAP ok=1
Cmd: compileSnippet
  api=0 type=0 insize=934 outsize=6768 kw=DIRECTIONAL SHADOWS_SCREEN _SPECGLOSSMAP _NORMALMAP ok=1
Cmd: compileSnippet
  api=0 type=1 insize=934 outsize=6 kw=DIRECTIONAL SHADOWS_SCREEN _SPECGLOSSMAP _NORMALMAP ok=1
Cmd: compileSnippet
  api=0 type=0 insize=934 outsize=6655 kw=POINT SHADOWS_OFF _SPECGLOSSMAP _NORMALMAP ok=1
Cmd: compileSnippet
  api=0 type=1 insize=934 outsize=6 kw=POINT SHADOWS_OFF _SPECGLOSSMAP _NORMALMAP ok=1
Cmd: compileSnippet
  api=0 type=0 insize=938 outsize=6059 kw=POINT SHADOWS_OFF ok=1
Cmd: compileSnippet
  api=0 type=1 insize=938 outsize=6 kw=POINT SHADOWS_OFF ok=1
Cmd: compileSnippet
  api=0 type=0 insize=1882 outsize=6655 kw=POINT SHADOWS_OFF _SPECGLOSSMAP _NORMALMAP ok=1
Cmd: compileSnippet
  api=0 type=1 insize=1882 outsize=6 kw=POINT SHADOWS_OFF _SPECGLOSSMAP _NORMALMAP ok=1
Cmd: compileSnippet
  api=0 type=0 insize=1882 outsize=7447 kw=POINT SHADOWS_OFF _DETAIL_MULX2 _SPECGLOSSMAP _NORMALMAP ok=1
Cmd: compileSnippet
  api=0 type=1 insize=1882 outsize=6 kw=POINT SHADOWS_OFF _DETAIL_MULX2 _SPECGLOSSMAP _NORMALMAP ok=1
Cmd: compileSnippet
  api=0 type=0 insize=1882 outsize=6669 kw=POINT SHADOWS_OFF _ALPHABLEND_ON _NORMALMAP ok=1
Cmd: compileSnippet
  api=0 type=1 insize=1882 outsize=6 kw=POINT SHADOWS_OFF _ALPHABLEND_ON _NORMALMAP ok=1
Cmd: compileSnippet
  api=0 type=0 insize=1887 outsize=6928 kw=POINT SHADOWS_OFF _SPECGLOSSMAP _ALPHAPREMULTIPLY_ON _NORMALMAP ok=1
Cmd: compileSnippet
  api=0 type=1 insize=1887 outsize=6 kw=POINT SHADOWS_OFF _SPECGLOSSMAP _ALPHAPREMULTIPLY_ON _NORMALMAP ok=1
Cmd: compileSnippet
  api=0 type=0 insize=934 outsize=5927 kw=POINT SHADOWS_OFF _ALPHABLEND_ON ok=1
Cmd: compileSnippet
  api=0 type=1 insize=934 outsize=6 kw=POINT SHADOWS_OFF _ALPHABLEND_ON ok=1
Cmd: compileSnippet
  api=0 type=0 insize=934 outsize=6928 kw=POINT SHADOWS_OFF _SPECGLOSSMAP _ALPHAPREMULTIPLY_ON _NORMALMAP ok=1
Cmd: compileSnippet
  api=0 type=1 insize=934 outsize=6 kw=POINT SHADOWS_OFF _SPECGLOSSMAP _ALPHAPREMULTIPLY_ON _NORMALMAP ok=1
Cmd: preprocess
  insize=10539 outsize=5631 ok=1
Cmd: compileSnippet
  api=0 type=0 insize=1529 outsize=765 kw= ok=1
Cmd: compileSnippet
  api=0 type=1 insize=1529 outsize=6 kw= ok=1
Cmd: compileSnippet
  api=0 type=0 insize=1930 outsize=9701 kw=DIRECTIONAL SHADOWS_OFF LIGHTMAP_OFF DIRLIGHTMAP_OFF DYNAMICLIGHTMAP_OFF ok=1
Cmd: compileSnippet
  api=0 type=1 insize=1930 outsize=6 kw=DIRECTIONAL SHADOWS_OFF LIGHTMAP_OFF DIRLIGHTMAP_OFF DYNAMICLIGHTMAP_OFF ok=1
Cmd: compileSnippet
  api=0 type=0 insize=1887 outsize=5863 kw=POINT SHADOWS_OFF ok=1
Cmd: compileSnippet
  api=0 type=1 insize=1887 outsize=6 kw=POINT SHADOWS_OFF ok=1
Cmd: compileSnippet
  api=0 type=0 insize=1702 outsize=1893 kw=SHADOWS_DEPTH ok=1
Cmd: compileSnippet
  api=0 type=1 insize=1702 outsize=6 kw=SHADOWS_DEPTH ok=1
Cmd: compileSnippet
  api=0 type=0 insize=2099 outsize=8249 kw=LIGHTMAP_OFF DIRLIGHTMAP_OFF DYNAMICLIGHTMAP_OFF ok=1
Cmd: compileSnippet
  api=0 type=1 insize=2099 outsize=6 kw=LIGHTMAP_OFF DIRLIGHTMAP_OFF DYNAMICLIGHTMAP_OFF ok=1
Cmd: compileSnippet
  api=0 type=0 insize=1477 outsize=2846 kw= ok=1
Cmd: compileSnippet
  api=0 type=1 insize=1477 outsize=6 kw= ok=1
Cmd: compileSnippet
  api=0 type=0 insize=1854 outsize=4951 kw=DIRECTIONAL SHADOWS_OFF LIGHTMAP_OFF DIRLIGHTMAP_OFF DYNAMICLIGHTMAP_OFF ok=1
Cmd: compileSnippet
  api=0 type=1 insize=1854 outsize=6 kw=DIRECTIONAL SHADOWS_OFF LIGHTMAP_OFF DIRLIGHTMAP_OFF DYNAMICLIGHTMAP_OFF ok=1
Cmd: compileSnippet
  api=0 type=0 insize=1763 outsize=4596 kw=POINT SHADOWS_OFF ok=1
Cmd: compileSnippet
  api=0 type=1 insize=1763 outsize=6 kw=POINT SHADOWS_OFF ok=1
Cmd: compileSnippet
  api=0 type=0 insize=1551 outsize=1893 kw=SHADOWS_DEPTH ok=1
Cmd: compileSnippet
  api=0 type=1 insize=1551 outsize=6 kw=SHADOWS_DEPTH ok=1
Cmd: compileSnippet
  api=0 type=0 insize=1477 outsize=2846 kw= ok=1
Cmd: compileSnippet
  api=0 type=1 insize=1477 outsize=6 kw= ok=1
Cmd: preprocess
  insize=1917 outsize=513 ok=1
Cmd: compileSnippet
  api=0 type=0 insize=1706 outsize=611 kw=SOFTPARTICLES_OFF ok=1
Cmd: compileSnippet
  api=0 type=1 insize=1706 outsize=6 kw=SOFTPARTICLES_OFF ok=1
Cmd: compileSnippet
  api=0 type=0 insize=1706 outsize=1414 kw=SOFTPARTICLES_ON ok=1
Cmd: compileSnippet
  api=0 type=1 insize=1706 outsize=6 kw=SOFTPARTICLES_ON ok=1
Cmd: compileSnippet
  api=0 type=0 insize=1702 outsize=2382 kw=SHADOWS_DEPTH _ALPHAPREMULTIPLY_ON ok=1
Cmd: compileSnippet
  api=0 type=1 insize=1702 outsize=6 kw=SHADOWS_DEPTH _ALPHAPREMULTIPLY_ON ok=1
Cmd: compileSnippet
  api=0 type=0 insize=1930 outsize=11782 kw=DIRECTIONAL SHADOWS_OFF LIGHTMAP_OFF DIRLIGHTMAP_OFF DYNAMICLIGHTMAP_OFF _SPECGLOSSMAP _ALPHAPREMULTIPLY_ON _NORMALMAP ok=1
Cmd: compileSnippet
  api=0 type=1 insize=1930 outsize=6 kw=DIRECTIONAL SHADOWS_OFF LIGHTMAP_OFF DIRLIGHTMAP_OFF DYNAMICLIGHTMAP_OFF _SPECGLOSSMAP _ALPHAPREMULTIPLY_ON _NORMALMAP ok=1
Cmd: compileSnippet
  api=0 type=0 insize=1887 outsize=6576 kw=DIRECTIONAL SHADOWS_OFF _SPECGLOSSMAP _ALPHAPREMULTIPLY_ON _NORMALMAP ok=1
Cmd: compileSnippet
  api=0 type=1 insize=1887 outsize=6 kw=DIRECTIONAL SHADOWS_OFF _SPECGLOSSMAP _ALPHAPREMULTIPLY_ON _NORMALMAP ok=1
Cmd: compileSnippet
  api=0 type=0 insize=1887 outsize=6928 kw=POINT SHADOWS_OFF _SPECGLOSSMAP _ALPHAPREMULTIPLY_ON _NORMALMAP ok=1
Cmd: compileSnippet
  api=0 type=1 insize=1887 outsize=6 kw=POINT SHADOWS_OFF _SPECGLOSSMAP _ALPHAPREMULTIPLY_ON _NORMALMAP ok=1
